2025-01-20 14:34:33,489 - INFO - ====== WebDriver manager ======
2025-01-20 14:34:39,837 - INFO - Get LATEST chromedriver version for google-chrome
2025-01-20 14:34:40,789 - INFO - Get LATEST chromedriver version for google-chrome
2025-01-20 14:34:41,003 - INFO - Driver [/Users/naaddantale/.wdm/drivers/chromedriver/mac64/131.0.6778.264/chromedriver-mac-arm64/chromedriver] found in cache
2025-01-20 14:34:43,159 - INFO - Starting scrape for channel: @MrBeast (Attempt 1)
2025-01-20 14:34:43,160 - INFO - ====== WebDriver manager ======
2025-01-20 14:34:43,291 - INFO - Get LATEST chromedriver version for google-chrome
2025-01-20 14:34:43,497 - INFO - Get LATEST chromedriver version for google-chrome
2025-01-20 14:34:43,686 - INFO - Driver [/Users/naaddantale/.wdm/drivers/chromedriver/mac64/131.0.6778.264/chromedriver-mac-arm64/chromedriver] found in cache
2025-01-20 14:34:49,119 - INFO - Successfully scraped channel: @MrBeast
2025-01-20 14:34:49,120 - INFO - Starting scrape for channel: @PewDiePie (Attempt 1)
2025-01-20 14:34:49,120 - INFO - ====== WebDriver manager ======
2025-01-20 14:34:49,276 - INFO - Get LATEST chromedriver version for google-chrome
2025-01-20 14:34:49,548 - INFO - Get LATEST chromedriver version for google-chrome
2025-01-20 14:34:49,749 - INFO - Driver [/Users/naaddantale/.wdm/drivers/chromedriver/mac64/131.0.6778.264/chromedriver-mac-arm64/chromedriver] found in cache
2025-01-20 14:34:55,110 - INFO - Successfully scraped channel: @PewDiePie
2025-01-20 14:34:55,111 - INFO - Starting scrape for channel: @TSeries (Attempt 1)
2025-01-20 14:34:55,111 - INFO - ====== WebDriver manager ======
2025-01-20 14:34:55,404 - INFO - Get LATEST chromedriver version for google-chrome
2025-01-20 14:34:55,655 - INFO - Get LATEST chromedriver version for google-chrome
2025-01-20 14:34:55,881 - INFO - Driver [/Users/naaddantale/.wdm/drivers/chromedriver/mac64/131.0.6778.264/chromedriver-mac-arm64/chromedriver] found in cache
2025-01-20 14:35:01,140 - INFO - Successfully scraped channel: @TSeries
2025-01-20 14:37:47,643 - INFO - ====== WebDriver manager ======
2025-01-20 14:37:47,836 - INFO - Get LATEST chromedriver version for google-chrome
2025-01-20 14:37:48,101 - INFO - Get LATEST chromedriver version for google-chrome
2025-01-20 14:37:48,352 - INFO - Driver [/Users/naaddantale/.wdm/drivers/chromedriver/mac64/131.0.6778.264/chromedriver-mac-arm64/chromedriver] found in cache
2025-01-20 14:37:49,936 - INFO - Starting scrape for channel: @DudePerfect (Attempt 1)
2025-01-20 14:37:49,936 - INFO - ====== WebDriver manager ======
2025-01-20 14:37:50,092 - INFO - Get LATEST chromedriver version for google-chrome
2025-01-20 14:37:50,347 - INFO - Get LATEST chromedriver version for google-chrome
2025-01-20 14:37:50,557 - INFO - Driver [/Users/naaddantale/.wdm/drivers/chromedriver/mac64/131.0.6778.264/chromedriver-mac-arm64/chromedriver] found in cache
2025-01-20 14:37:55,515 - INFO - Successfully scraped channel: @DudePerfect
2025-01-20 14:37:55,516 - INFO - Starting scrape for channel: @VladandNiki (Attempt 1)
2025-01-20 14:37:55,516 - INFO - ====== WebDriver manager ======
2025-01-20 14:37:55,668 - INFO - Get LATEST chromedriver version for google-chrome
2025-01-20 14:37:55,888 - INFO - Get LATEST chromedriver version for google-chrome
2025-01-20 14:37:56,098 - INFO - Driver [/Users/naaddantale/.wdm/drivers/chromedriver/mac64/131.0.6778.264/chromedriver-mac-arm64/chromedriver] found in cache
2025-01-20 14:38:00,737 - INFO - Successfully scraped channel: @VladandNiki
2025-01-20 14:38:00,737 - INFO - Starting scrape for channel: @LikeNastya (Attempt 1)
2025-01-20 14:38:00,737 - INFO - ====== WebDriver manager ======
2025-01-20 14:38:00,879 - INFO - Get LATEST chromedriver version for google-chrome
2025-01-20 14:38:01,284 - INFO - Get LATEST chromedriver version for google-chrome
2025-01-20 14:38:01,509 - INFO - Driver [/Users/naaddantale/.wdm/drivers/chromedriver/mac64/131.0.6778.264/chromedriver-mac-arm64/chromedriver] found in cache
2025-01-20 14:38:03,638 - INFO - Successfully scraped channel: @LikeNastya
2025-01-20 14:38:03,638 - INFO - Starting scrape for channel: @Markiplier (Attempt 1)
2025-01-20 14:38:03,639 - INFO - ====== WebDriver manager ======
2025-01-20 14:38:03,775 - INFO - Get LATEST chromedriver version for google-chrome
2025-01-20 14:38:04,030 - INFO - Get LATEST chromedriver version for google-chrome
2025-01-20 14:38:04,283 - INFO - Driver [/Users/naaddantale/.wdm/drivers/chromedriver/mac64/131.0.6778.264/chromedriver-mac-arm64/chromedriver] found in cache
2025-01-20 14:38:08,911 - INFO - Successfully scraped channel: @Markiplier
