2025-01-25 05:03:25,711 INFO  ====== WebDriver manager ======
2025-01-25 05:03:25,923 INFO  Get LATEST chromedriver version for google-chrome
2025-01-25 05:03:26,076 INFO  Get LATEST chromedriver version for google-chrome
2025-01-25 05:03:26,227 INFO  Driver [/Users/naaddantale/.wdm/drivers/chromedriver/mac64/131.0.6778.264/chromedriver-mac-arm64/chromedriver] found in cache
2025-01-25 05:03:27,864 INFO  ====== WebDriver manager ======
2025-01-25 05:03:28,026 INFO  Get LATEST chromedriver version for google-chrome
2025-01-25 05:03:28,169 INFO  Get LATEST chromedriver version for google-chrome
2025-01-25 05:03:28,347 INFO  Driver [/Users/naaddantale/.wdm/drivers/chromedriver/mac64/131.0.6778.264/chromedriver-mac-arm64/chromedriver] found in cache
2025-01-25 05:03:29,377 INFO  ====== WebDriver manager ======
2025-01-25 05:03:29,527 INFO  Get LATEST chromedriver version for google-chrome
2025-01-25 05:03:29,673 INFO  Get LATEST chromedriver version for google-chrome
2025-01-25 05:03:29,827 INFO  Driver [/Users/naaddantale/.wdm/drivers/chromedriver/mac64/131.0.6778.264/chromedriver-mac-arm64/chromedriver] found in cache
2025-01-25 05:03:30,812 INFO  ====== WebDriver manager ======
2025-01-25 05:03:30,966 INFO  Get LATEST chromedriver version for google-chrome
2025-01-25 05:03:31,123 INFO  Get LATEST chromedriver version for google-chrome
2025-01-25 05:03:31,268 INFO  Driver [/Users/naaddantale/.wdm/drivers/chromedriver/mac64/131.0.6778.264/chromedriver-mac-arm64/chromedriver] found in cache
2025-01-25 05:03:32,229 ERROR  Error scraping channel info for @MrBeast: 5 validation errors for ChannelInfo
name
  Field required [type=missing, input_value={}, input_type=dict]
    For further information visit https://errors.pydantic.dev/2.10/v/missing
is_verified
  Field required [type=missing, input_value={}, input_type=dict]
    For further information visit https://errors.pydantic.dev/2.10/v/missing
about
  Field required [type=missing, input_value={}, input_type=dict]
    For further information visit https://errors.pydantic.dev/2.10/v/missing
links
  Field required [type=missing, input_value={}, input_type=dict]
    For further information visit https://errors.pydantic.dev/2.10/v/missing
channel_details
  Field required [type=missing, input_value={}, input_type=dict]
    For further information visit https://errors.pydantic.dev/2.10/v/missing
2025-01-25 05:03:32,230 ERROR  Error scraping channel info for @PewDiePie: 5 validation errors for ChannelInfo
name
  Field required [type=missing, input_value={}, input_type=dict]
    For further information visit https://errors.pydantic.dev/2.10/v/missing
is_verified
  Field required [type=missing, input_value={}, input_type=dict]
    For further information visit https://errors.pydantic.dev/2.10/v/missing
about
  Field required [type=missing, input_value={}, input_type=dict]
    For further information visit https://errors.pydantic.dev/2.10/v/missing
links
  Field required [type=missing, input_value={}, input_type=dict]
    For further information visit https://errors.pydantic.dev/2.10/v/missing
channel_details
  Field required [type=missing, input_value={}, input_type=dict]
    For further information visit https://errors.pydantic.dev/2.10/v/missing
2025-01-25 05:03:32,232 INFO  Fetching video information for channel: @MrBeast
2025-01-25 05:03:32,236 INFO  Fetching video information for channel: @PewDiePie
2025-01-25 05:03:32,262 WARNING  Connection pool is full, discarding connection: localhost. Connection pool size: 1
2025-01-25 05:03:32,777 WARNING  Connection pool is full, discarding connection: localhost. Connection pool size: 1
2025-01-25 05:03:33,290 WARNING  Connection pool is full, discarding connection: localhost. Connection pool size: 1
2025-01-25 05:03:33,846 WARNING  Connection pool is full, discarding connection: localhost. Connection pool size: 1
2025-01-25 05:03:40,488 WARNING  Connection pool is full, discarding connection: localhost. Connection pool size: 1
2025-01-25 05:03:40,999 WARNING  Connection pool is full, discarding connection: localhost. Connection pool size: 1
2025-01-25 05:03:41,513 WARNING  Connection pool is full, discarding connection: localhost. Connection pool size: 1
2025-01-25 05:03:42,523 ERROR  Unexpected Error - Timeout Exception while fetching videos.
2025-01-25 05:03:42,523 WARNING  No videos found for channel: @MrBeast
2025-01-25 05:03:42,530 ERROR  Unexpected Error - Timeout Exception while fetching videos.
2025-01-25 05:03:42,530 WARNING  No videos found for channel: @PewDiePie
2025-01-25 05:03:55,630 WARNING  Connection pool is full, discarding connection: localhost. Connection pool size: 1
2025-01-25 05:04:03,253 WARNING  Connection pool is full, discarding connection: localhost. Connection pool size: 1
2025-01-25 05:04:03,323 WARNING  Connection pool is full, discarding connection: localhost. Connection pool size: 1
2025-01-25 05:04:03,330 WARNING  No shorts found for channel: @MrBeast
2025-01-25 05:04:03,342 WARNING  No shorts found for channel: @PewDiePie
2025-01-25 05:04:03,424 INFO  Closed channel_info driver successfully
2025-01-25 05:04:03,503 INFO  Closed video_details driver successfully
2025-01-25 05:04:03,615 INFO  Closed shorts_info driver successfully
2025-01-25 05:04:03,616 WARNING  Retrying (Retry(total=2, connect=None, read=None, redirect=None, status=None)) after connection broken by 'NewConnectionError('<urllib3.connection.HTTPConnection object at 0x1039c8560>: Failed to establish a new connection: [Errno 61] Connection refused')': /session/247f25822eadcd77346d24a6c5e3779f
2025-01-25 05:04:03,616 WARNING  Retrying (Retry(total=1, connect=None, read=None, redirect=None, status=None)) after connection broken by 'NewConnectionError('<urllib3.connection.HTTPConnection object at 0x1046c5340>: Failed to establish a new connection: [Errno 61] Connection refused')': /session/247f25822eadcd77346d24a6c5e3779f
2025-01-25 05:04:03,616 WARNING  Retrying (Retry(total=0, connect=None, read=None, redirect=None, status=None)) after connection broken by 'NewConnectionError('<urllib3.connection.HTTPConnection object at 0x1046c41a0>: Failed to establish a new connection: [Errno 61] Connection refused')': /session/247f25822eadcd77346d24a6c5e3779f
2025-01-25 05:04:03,617 INFO  Closed shorts_details driver successfully
