2025-01-20 14:39:55,306 INFO  ====== WebDriver manager ======
2025-01-20 14:39:55,520 INFO  Get LATEST chromedriver version for google-chrome
2025-01-20 14:39:55,761 INFO  Get LATEST chromedriver version for google-chrome
2025-01-20 14:39:55,981 INFO  Driver [/Users/naaddantale/.wdm/drivers/chromedriver/mac64/131.0.6778.264/chromedriver-mac-arm64/chromedriver] found in cache
2025-01-20 14:39:57,507 INFO  ====== WebDriver manager ======
2025-01-20 14:39:57,709 INFO  Get LATEST chromedriver version for google-chrome
2025-01-20 14:39:57,933 INFO  Get LATEST chromedriver version for google-chrome
2025-01-20 14:39:58,150 INFO  Driver [/Users/naaddantale/.wdm/drivers/chromedriver/mac64/131.0.6778.264/chromedriver-mac-arm64/chromedriver] found in cache
2025-01-20 14:39:59,542 INFO  Starting scrape for channel: @DudePerfect (Attempt 1)
2025-01-20 14:39:59,543 INFO  ====== WebDriver manager ======
2025-01-20 14:39:59,716 INFO  Get LATEST chromedriver version for google-chrome
2025-01-20 14:39:59,924 INFO  Get LATEST chromedriver version for google-chrome
2025-01-20 14:40:00,113 INFO  Driver [/Users/naaddantale/.wdm/drivers/chromedriver/mac64/131.0.6778.264/chromedriver-mac-arm64/chromedriver] found in cache
2025-01-20 14:40:04,835 INFO  Fetching channel name and verification status.
2025-01-20 14:40:04,865 INFO  Clicking 'More' button to fetch about info.
2025-01-20 14:40:05,555 INFO  Fetching channel links.
2025-01-20 14:40:05,610 INFO  Fetching channel details (subscribers, videos, views, joined date).
2025-01-20 14:40:05,651 INFO  Closing channel details popup.
2025-01-20 14:40:05,692 INFO  Fetching video information for channel: @DudePerfect
2025-01-20 14:40:05,698 INFO  Scrolling through the page to load all videos.
2025-01-20 14:40:20,939 INFO  Extracting video details.
2025-01-20 14:40:20,987 INFO  Fetching additional details for video: kObmcOaPcbM
2025-01-20 14:40:20,987 INFO  ====== WebDriver manager ======
2025-01-20 14:40:21,159 INFO  Get LATEST chromedriver version for google-chrome
2025-01-20 14:40:21,382 INFO  Get LATEST chromedriver version for google-chrome
2025-01-20 14:40:21,598 INFO  Driver [/Users/naaddantale/.wdm/drivers/chromedriver/mac64/131.0.6778.264/chromedriver-mac-arm64/chromedriver] found in cache
2025-01-20 14:40:25,718 INFO  Clicking expand button to reveal more video details.
2025-01-20 14:40:27,030 INFO  Fetching likes count.
2025-01-20 14:40:27,047 INFO  Fetching uploaded date.
2025-01-20 14:40:52,615 INFO  Fetching comments count and details.
2025-01-20 14:40:54,551 ERROR  Failed to fetch comment details: string index out of range
2025-01-20 14:40:54,967 ERROR  Failed to fetch comment details: string index out of range
2025-01-20 14:40:55,098 ERROR  Failed to fetch comment details: string index out of range
2025-01-20 14:40:55,629 ERROR  Failed to fetch comment details: string index out of range
2025-01-20 14:40:56,049 ERROR  Failed to fetch comment details: string index out of range
2025-01-20 14:40:56,262 INFO  Fetching video duration.
2025-01-20 14:40:56,419 INFO  Saving video info to new_data/@DudePerfect/videos/kObmcOaPcbM.json
2025-01-20 14:40:56,420 INFO  Extracting video details.
2025-01-20 14:40:56,451 INFO  Fetching additional details for video: Tsejx-oR94c
2025-01-20 14:40:56,451 INFO  ====== WebDriver manager ======
2025-01-20 14:40:56,600 INFO  Get LATEST chromedriver version for google-chrome
2025-01-20 14:40:56,837 INFO  Get LATEST chromedriver version for google-chrome
2025-01-20 14:40:57,072 INFO  Driver [/Users/naaddantale/.wdm/drivers/chromedriver/mac64/131.0.6778.264/chromedriver-mac-arm64/chromedriver] found in cache
2025-01-20 14:41:01,097 INFO  Clicking expand button to reveal more video details.
2025-01-20 14:41:02,147 INFO  Fetching likes count.
2025-01-20 14:41:02,214 INFO  Fetching uploaded date.
2025-01-20 14:41:27,915 INFO  Fetching comments count and details.
2025-01-20 14:41:32,050 ERROR  Failed to fetch comment details: string index out of range
2025-01-20 14:41:32,177 ERROR  Failed to fetch comment details: string index out of range
2025-01-20 14:41:32,437 ERROR  Failed to fetch comment details: string index out of range
2025-01-20 14:41:32,995 ERROR  Failed to fetch comment details: string index out of range
2025-01-20 14:41:33,506 ERROR  Failed to fetch comment details: string index out of range
2025-01-20 14:41:35,245 ERROR  Failed to fetch comment details: string index out of range
2025-01-20 14:41:35,379 INFO  Fetching video duration.
2025-01-20 14:41:35,620 INFO  Saving video info to new_data/@DudePerfect/videos/Tsejx-oR94c.json
2025-01-20 14:41:35,621 INFO  Extracting video details.
2025-01-20 14:41:35,666 INFO  Fetching additional details for video: aGfuAjHuMTE
2025-01-20 14:41:35,667 INFO  ====== WebDriver manager ======
2025-01-20 14:41:35,868 INFO  Get LATEST chromedriver version for google-chrome
2025-01-20 14:41:36,181 INFO  Get LATEST chromedriver version for google-chrome
2025-01-20 14:41:36,397 INFO  Driver [/Users/naaddantale/.wdm/drivers/chromedriver/mac64/131.0.6778.264/chromedriver-mac-arm64/chromedriver] found in cache
2025-01-20 14:41:41,809 INFO  Clicking expand button to reveal more video details.
2025-01-20 14:41:42,017 INFO  Fetching likes count.
2025-01-20 14:41:42,103 INFO  Fetching uploaded date.
2025-01-20 14:42:09,696 INFO  Fetching comments count and details.
2025-01-20 14:42:11,969 ERROR  Failed to fetch comment details: string index out of range
2025-01-20 14:42:12,312 ERROR  Failed to fetch comment details: string index out of range
2025-01-20 14:42:13,682 ERROR  Failed to fetch comment details: string index out of range
2025-01-20 14:42:13,920 ERROR  Failed to fetch comment details: string index out of range
2025-01-20 14:42:13,944 ERROR  Failed to fetch comment details: string index out of range
2025-01-20 14:42:14,161 INFO  Fetching video duration.
2025-01-20 14:42:14,306 INFO  Saving video info to new_data/@DudePerfect/videos/aGfuAjHuMTE.json
2025-01-20 14:42:14,307 INFO  Extracting video details.
2025-01-20 14:42:14,337 INFO  Fetching additional details for video: qdAeOWlKnrY
2025-01-20 14:42:14,338 INFO  ====== WebDriver manager ======
2025-01-20 14:42:14,490 INFO  Get LATEST chromedriver version for google-chrome
2025-01-20 14:42:14,699 INFO  Get LATEST chromedriver version for google-chrome
2025-01-20 14:42:14,920 INFO  Driver [/Users/naaddantale/.wdm/drivers/chromedriver/mac64/131.0.6778.264/chromedriver-mac-arm64/chromedriver] found in cache
2025-01-20 14:42:18,851 INFO  Clicking expand button to reveal more video details.
2025-01-20 14:42:20,118 INFO  Fetching likes count.
2025-01-20 14:42:20,133 INFO  Fetching uploaded date.
2025-01-20 14:42:46,379 INFO  Fetching comments count and details.
2025-01-20 14:42:47,902 ERROR  Failed to fetch comment details: string index out of range
2025-01-20 14:42:49,389 ERROR  Failed to fetch comment details: string index out of range
2025-01-20 14:42:49,808 ERROR  Failed to fetch comment details: string index out of range
2025-01-20 14:42:50,350 INFO  Fetching video duration.
2025-01-20 14:42:50,359 ERROR  Unexpected error occurred: invalid literal for int() with base 10: ''
2025-01-20 14:42:50,563 INFO  Saving video info to new_data/@DudePerfect/videos/qdAeOWlKnrY.json
2025-01-20 14:42:50,564 INFO  Extracting video details.
2025-01-20 14:42:50,595 INFO  Fetching additional details for video: L7nuMgfeynw
2025-01-20 14:42:50,595 INFO  ====== WebDriver manager ======
2025-01-20 14:42:50,892 INFO  Get LATEST chromedriver version for google-chrome
2025-01-20 14:42:51,178 INFO  Get LATEST chromedriver version for google-chrome
2025-01-20 14:42:51,418 INFO  Driver [/Users/naaddantale/.wdm/drivers/chromedriver/mac64/131.0.6778.264/chromedriver-mac-arm64/chromedriver] found in cache
2025-01-20 14:42:55,903 INFO  Clicking expand button to reveal more video details.
2025-01-20 14:42:57,406 INFO  Fetching likes count.
2025-01-20 14:42:57,496 INFO  Fetching uploaded date.
2025-01-20 14:43:22,713 INFO  Fetching comments count and details.
2025-01-20 14:43:25,383 ERROR  Failed to fetch comment details: string index out of range
2025-01-20 14:43:25,419 INFO  Fetching video duration.
2025-01-20 14:43:25,553 INFO  Saving video info to new_data/@DudePerfect/videos/L7nuMgfeynw.json
2025-01-20 14:43:25,553 INFO  Extracting video details.
2025-01-20 14:43:25,585 INFO  Fetching additional details for video: 9QXxid7t9oM
2025-01-20 14:43:25,585 INFO  ====== WebDriver manager ======
2025-01-20 14:43:25,813 INFO  Get LATEST chromedriver version for google-chrome
2025-01-20 14:43:26,085 INFO  Get LATEST chromedriver version for google-chrome
2025-01-20 14:43:26,316 INFO  Driver [/Users/naaddantale/.wdm/drivers/chromedriver/mac64/131.0.6778.264/chromedriver-mac-arm64/chromedriver] found in cache
2025-01-20 14:43:28,134 INFO  Clicking expand button to reveal more video details.
2025-01-20 14:43:36,006 INFO  Fetching likes count.
2025-01-20 14:43:36,032 INFO  Fetching uploaded date.
2025-01-20 14:44:00,837 INFO  Fetching comments count and details.
2025-01-20 14:44:00,892 ERROR  Failed to fetch comments count.
2025-01-20 14:44:00,913 INFO  Fetching video duration.
2025-01-20 14:44:01,011 INFO  Saving video info to new_data/@DudePerfect/videos/9QXxid7t9oM.json
2025-01-20 14:44:01,011 INFO  Extracting video details.
2025-01-20 14:44:01,046 INFO  Fetching additional details for video: OqHfPvYkf9A
2025-01-20 14:44:01,046 INFO  ====== WebDriver manager ======
2025-01-20 14:44:01,191 INFO  Get LATEST chromedriver version for google-chrome
2025-01-20 14:44:01,437 INFO  Get LATEST chromedriver version for google-chrome
2025-01-20 14:44:01,620 INFO  Driver [/Users/naaddantale/.wdm/drivers/chromedriver/mac64/131.0.6778.264/chromedriver-mac-arm64/chromedriver] found in cache
2025-01-20 14:44:06,527 INFO  Clicking expand button to reveal more video details.
2025-01-20 14:44:07,986 INFO  Fetching likes count.
2025-01-20 14:44:08,003 INFO  Fetching uploaded date.
2025-01-20 14:44:34,561 INFO  Fetching comments count and details.
2025-01-20 14:44:35,306 ERROR  Failed to fetch comment details: string index out of range
2025-01-20 14:44:35,508 ERROR  Failed to fetch comment details: string index out of range
2025-01-20 14:44:35,986 ERROR  Failed to fetch comment details: string index out of range
2025-01-20 14:44:36,080 ERROR  Failed to fetch comment details: string index out of range
2025-01-20 14:44:36,287 ERROR  Failed to fetch comment details: string index out of range
2025-01-20 14:44:36,380 ERROR  Failed to fetch comment details: string index out of range
2025-01-20 14:44:36,472 ERROR  Failed to fetch comment details: string index out of range
2025-01-20 14:44:36,564 ERROR  Failed to fetch comment details: string index out of range
2025-01-20 14:44:36,797 ERROR  Failed to fetch comment details: string index out of range
2025-01-20 14:44:36,901 ERROR  Failed to fetch comment details: string index out of range
2025-01-20 14:44:36,995 ERROR  Failed to fetch comment details: string index out of range
2025-01-20 14:44:37,086 ERROR  Failed to fetch comment details: string index out of range
2025-01-20 14:44:37,386 ERROR  Failed to fetch comment details: string index out of range
2025-01-20 14:44:37,762 ERROR  Failed to fetch comment details: string index out of range
2025-01-20 14:44:37,856 ERROR  Failed to fetch comment details: string index out of range
2025-01-20 14:44:37,949 ERROR  Failed to fetch comment details: string index out of range
2025-01-20 14:44:38,148 ERROR  Failed to fetch comment details: string index out of range
2025-01-20 14:44:38,241 ERROR  Failed to fetch comment details: string index out of range
2025-01-20 14:44:38,337 ERROR  Failed to fetch comment details: string index out of range
2025-01-20 14:44:38,431 ERROR  Failed to fetch comment details: string index out of range
2025-01-20 14:44:38,523 ERROR  Failed to fetch comment details: string index out of range
2025-01-20 14:44:38,616 ERROR  Failed to fetch comment details: string index out of range
2025-01-20 14:44:38,713 ERROR  Failed to fetch comment details: string index out of range
2025-01-20 14:44:38,749 INFO  Fetching video duration.
2025-01-20 14:44:38,902 INFO  Saving video info to new_data/@DudePerfect/videos/OqHfPvYkf9A.json
2025-01-20 14:44:38,903 INFO  Extracting video details.
2025-01-20 14:44:38,934 INFO  Fetching additional details for video: uCTsmdDMq0U
2025-01-20 14:44:38,934 INFO  ====== WebDriver manager ======
2025-01-20 14:44:39,104 INFO  Get LATEST chromedriver version for google-chrome
2025-01-20 14:44:39,324 INFO  Get LATEST chromedriver version for google-chrome
2025-01-20 14:44:39,527 INFO  Driver [/Users/naaddantale/.wdm/drivers/chromedriver/mac64/131.0.6778.264/chromedriver-mac-arm64/chromedriver] found in cache
2025-01-20 14:44:44,418 INFO  Clicking expand button to reveal more video details.
2025-01-20 14:44:44,728 INFO  Fetching likes count.
2025-01-20 14:44:44,784 INFO  Fetching uploaded date.
2025-01-20 14:45:09,846 INFO  Fetching comments count and details.
2025-01-20 14:45:10,819 INFO  Fetching video duration.
2025-01-20 14:45:10,933 INFO  Saving video info to new_data/@DudePerfect/videos/uCTsmdDMq0U.json
2025-01-20 14:45:10,933 INFO  Extracting video details.
2025-01-20 14:45:10,963 INFO  Fetching additional details for video: idFpAv9nh9E
2025-01-20 14:45:10,963 INFO  ====== WebDriver manager ======
2025-01-20 14:45:11,107 INFO  Get LATEST chromedriver version for google-chrome
2025-01-20 14:45:11,302 INFO  Get LATEST chromedriver version for google-chrome
2025-01-20 14:45:11,520 INFO  Driver [/Users/naaddantale/.wdm/drivers/chromedriver/mac64/131.0.6778.264/chromedriver-mac-arm64/chromedriver] found in cache
2025-01-20 14:45:13,337 INFO  Clicking expand button to reveal more video details.
2025-01-20 14:45:17,042 INFO  Fetching likes count.
2025-01-20 14:45:17,083 INFO  Fetching uploaded date.
2025-01-20 14:45:42,754 INFO  Fetching comments count and details.
2025-01-20 14:45:44,091 INFO  Fetching video duration.
2025-01-20 14:45:44,257 INFO  Saving video info to new_data/@DudePerfect/videos/idFpAv9nh9E.json
2025-01-20 14:45:44,259 INFO  Extracting video details.
2025-01-20 14:45:44,308 INFO  Fetching additional details for video: N_a1GJWaH70
2025-01-20 14:45:44,308 INFO  ====== WebDriver manager ======
2025-01-20 14:45:44,566 INFO  Get LATEST chromedriver version for google-chrome
2025-01-20 14:45:44,846 INFO  Get LATEST chromedriver version for google-chrome
2025-01-20 14:45:45,054 INFO  Driver [/Users/naaddantale/.wdm/drivers/chromedriver/mac64/131.0.6778.264/chromedriver-mac-arm64/chromedriver] found in cache
2025-01-20 14:45:49,623 INFO  Clicking expand button to reveal more video details.
2025-01-20 14:45:54,945 INFO  Fetching likes count.
2025-01-20 14:45:54,972 INFO  Fetching uploaded date.
2025-01-20 14:46:20,689 INFO  Fetching comments count and details.
2025-01-20 14:46:20,721 ERROR  Failed to fetch comments count.
2025-01-20 14:46:20,734 INFO  Fetching video duration.
2025-01-20 14:46:20,855 INFO  Saving video info to new_data/@DudePerfect/videos/N_a1GJWaH70.json
2025-01-20 14:46:20,855 INFO  Extracting video details.
2025-01-20 14:46:20,895 INFO  Fetching additional details for video: OqScoVdjq1c
2025-01-20 14:46:20,896 INFO  ====== WebDriver manager ======
2025-01-20 14:46:21,487 INFO  Get LATEST chromedriver version for google-chrome
2025-01-20 14:46:21,715 INFO  Get LATEST chromedriver version for google-chrome
2025-01-20 14:46:21,912 INFO  Driver [/Users/naaddantale/.wdm/drivers/chromedriver/mac64/131.0.6778.264/chromedriver-mac-arm64/chromedriver] found in cache
2025-01-20 14:46:25,254 INFO  Clicking expand button to reveal more video details.
2025-01-20 14:46:29,135 INFO  Fetching likes count.
2025-01-20 14:46:29,241 INFO  Fetching uploaded date.
2025-01-20 14:46:55,052 INFO  Fetching comments count and details.
2025-01-20 14:46:58,211 ERROR  Failed to fetch comment details: string index out of range
2025-01-20 14:46:58,621 ERROR  Failed to fetch comment details: string index out of range
2025-01-20 14:46:58,749 ERROR  Failed to fetch comment details: string index out of range
2025-01-20 14:46:58,749 INFO  Fetching video duration.
2025-01-20 14:46:58,899 INFO  Saving video info to new_data/@DudePerfect/videos/OqScoVdjq1c.json
2025-01-20 14:46:58,901 INFO  Extracting video details.
2025-01-20 14:46:58,932 INFO  Fetching additional details for video: lT8O3KleVos
2025-01-20 14:46:58,932 INFO  ====== WebDriver manager ======
2025-01-20 14:46:59,152 INFO  Get LATEST chromedriver version for google-chrome
2025-01-20 14:46:59,381 INFO  Get LATEST chromedriver version for google-chrome
2025-01-20 14:46:59,593 INFO  Driver [/Users/naaddantale/.wdm/drivers/chromedriver/mac64/131.0.6778.264/chromedriver-mac-arm64/chromedriver] found in cache
2025-01-20 14:47:03,697 INFO  Clicking expand button to reveal more video details.
2025-01-20 14:47:05,032 INFO  Fetching likes count.
2025-01-20 14:47:05,057 INFO  Fetching uploaded date.
2025-01-20 14:47:30,181 INFO  Fetching comments count and details.
2025-01-20 14:47:30,423 INFO  Fetching video duration.
2025-01-20 14:47:30,572 INFO  Saving video info to new_data/@DudePerfect/videos/lT8O3KleVos.json
2025-01-20 14:47:30,573 INFO  Extracting video details.
2025-01-20 14:47:30,607 INFO  Fetching additional details for video: TL5zPys0ufk
2025-01-20 14:47:30,607 INFO  ====== WebDriver manager ======
2025-01-20 14:47:30,784 INFO  Get LATEST chromedriver version for google-chrome
2025-01-20 14:47:31,023 INFO  Get LATEST chromedriver version for google-chrome
2025-01-20 14:47:31,276 INFO  Driver [/Users/naaddantale/.wdm/drivers/chromedriver/mac64/131.0.6778.264/chromedriver-mac-arm64/chromedriver] found in cache
2025-01-20 14:47:35,283 INFO  Clicking expand button to reveal more video details.
2025-01-20 14:47:40,885 INFO  Fetching likes count.
2025-01-20 14:47:40,901 INFO  Fetching uploaded date.
2025-01-20 14:48:05,707 INFO  Fetching comments count and details.
2025-01-20 14:48:05,733 ERROR  Failed to fetch comments count.
2025-01-20 14:48:05,742 ERROR  Unexpected error occurred: Message: no such element: Unable to locate element: {"method":"css selector","selector":"[id="contents"]"}
  (Session info: chrome=131.0.6778.265); For documentation on this error, please visit: https://www.selenium.dev/documentation/webdriver/troubleshooting/errors#no-such-element-exception
Stacktrace:
0   chromedriver                        0x0000000100902138 cxxbridge1$str$ptr + 3653888
1   chromedriver                        0x00000001008fa988 cxxbridge1$str$ptr + 3623248
2   chromedriver                        0x0000000100360968 cxxbridge1$string$len + 89228
3   chromedriver                        0x00000001003a4d4c cxxbridge1$string$len + 368752
4   chromedriver                        0x000000010039aec4 cxxbridge1$string$len + 328168
5   chromedriver                        0x00000001003de4f0 cxxbridge1$string$len + 604180
6   chromedriver                        0x0000000100399564 cxxbridge1$string$len + 321672
7   chromedriver                        0x000000010039a1b4 cxxbridge1$string$len + 324824
8   chromedriver                        0x00000001008ccfc0 cxxbridge1$str$ptr + 3436424
9   chromedriver                        0x00000001008d02dc cxxbridge1$str$ptr + 3449508
10  chromedriver                        0x00000001008b3e60 cxxbridge1$str$ptr + 3333672
11  chromedriver                        0x00000001008d0b9c cxxbridge1$str$ptr + 3451748
12  chromedriver                        0x00000001008a5678 cxxbridge1$str$ptr + 3274304
13  chromedriver                        0x00000001008eb2b4 cxxbridge1$str$ptr + 3560060
14  chromedriver                        0x00000001008eb430 cxxbridge1$str$ptr + 3560440
15  chromedriver                        0x00000001008fa5fc cxxbridge1$str$ptr + 3622340
16  libsystem_pthread.dylib             0x00000001885e32e4 _pthread_start + 136
17  libsystem_pthread.dylib             0x00000001885de0fc thread_start + 8

2025-01-20 14:48:05,842 INFO  Saving video info to new_data/@DudePerfect/videos/TL5zPys0ufk.json
2025-01-20 14:48:05,842 INFO  Extracting video details.
2025-01-20 14:48:05,873 INFO  Fetching additional details for video: ZToieI7hPoM
2025-01-20 14:48:05,873 INFO  ====== WebDriver manager ======
2025-01-20 14:48:06,038 INFO  Get LATEST chromedriver version for google-chrome
2025-01-20 14:48:06,249 INFO  Get LATEST chromedriver version for google-chrome
2025-01-20 14:48:06,498 INFO  Driver [/Users/naaddantale/.wdm/drivers/chromedriver/mac64/131.0.6778.264/chromedriver-mac-arm64/chromedriver] found in cache
2025-01-20 14:48:08,151 INFO  Clicking expand button to reveal more video details.
2025-01-20 14:48:11,784 INFO  Fetching likes count.
2025-01-20 14:48:11,797 INFO  Fetching uploaded date.
2025-01-20 14:48:36,684 INFO  Fetching comments count and details.
2025-01-20 14:48:36,733 ERROR  Failed to fetch comments count.
2025-01-20 14:48:36,746 INFO  Fetching video duration.
2025-01-20 14:48:36,853 INFO  Saving video info to new_data/@DudePerfect/videos/ZToieI7hPoM.json
2025-01-20 14:48:36,854 INFO  Extracting video details.
2025-01-20 14:48:36,884 INFO  Fetching additional details for video: YQvm5qxZTBg
2025-01-20 14:48:36,885 INFO  ====== WebDriver manager ======
2025-01-20 14:48:37,060 INFO  Get LATEST chromedriver version for google-chrome
2025-01-20 14:48:37,289 INFO  Get LATEST chromedriver version for google-chrome
2025-01-20 14:48:37,508 INFO  Driver [/Users/naaddantale/.wdm/drivers/chromedriver/mac64/131.0.6778.264/chromedriver-mac-arm64/chromedriver] found in cache
2025-01-20 14:48:41,574 INFO  Clicking expand button to reveal more video details.
2025-01-20 14:48:46,791 INFO  Fetching likes count.
2025-01-20 14:48:46,804 INFO  Fetching uploaded date.
2025-01-20 14:49:11,622 INFO  Fetching comments count and details.
2025-01-20 14:49:11,649 ERROR  Failed to fetch comments count.
2025-01-20 14:49:11,658 ERROR  Unexpected error occurred: Message: no such element: Unable to locate element: {"method":"css selector","selector":"[id="contents"]"}
  (Session info: chrome=131.0.6778.265); For documentation on this error, please visit: https://www.selenium.dev/documentation/webdriver/troubleshooting/errors#no-such-element-exception
Stacktrace:
0   chromedriver                        0x000000010334a138 cxxbridge1$str$ptr + 3653888
1   chromedriver                        0x0000000103342988 cxxbridge1$str$ptr + 3623248
2   chromedriver                        0x0000000102da8968 cxxbridge1$string$len + 89228
3   chromedriver                        0x0000000102decd4c cxxbridge1$string$len + 368752
4   chromedriver                        0x0000000102de2ec4 cxxbridge1$string$len + 328168
5   chromedriver                        0x0000000102e264f0 cxxbridge1$string$len + 604180
6   chromedriver                        0x0000000102de1564 cxxbridge1$string$len + 321672
7   chromedriver                        0x0000000102de21b4 cxxbridge1$string$len + 324824
8   chromedriver                        0x0000000103314fc0 cxxbridge1$str$ptr + 3436424
9   chromedriver                        0x00000001033182dc cxxbridge1$str$ptr + 3449508
10  chromedriver                        0x00000001032fbe60 cxxbridge1$str$ptr + 3333672
11  chromedriver                        0x0000000103318b9c cxxbridge1$str$ptr + 3451748
12  chromedriver                        0x00000001032ed678 cxxbridge1$str$ptr + 3274304
13  chromedriver                        0x00000001033332b4 cxxbridge1$str$ptr + 3560060
14  chromedriver                        0x0000000103333430 cxxbridge1$str$ptr + 3560440
15  chromedriver                        0x00000001033425fc cxxbridge1$str$ptr + 3622340
16  libsystem_pthread.dylib             0x00000001885e32e4 _pthread_start + 136
17  libsystem_pthread.dylib             0x00000001885de0fc thread_start + 8

2025-01-20 14:49:11,775 INFO  Saving video info to new_data/@DudePerfect/videos/YQvm5qxZTBg.json
2025-01-20 14:49:11,776 INFO  Extracting video details.
2025-01-20 14:49:11,805 INFO  Fetching additional details for video: jfNUWOpPVr8
2025-01-20 14:49:11,806 INFO  ====== WebDriver manager ======
2025-01-20 14:49:11,970 INFO  Get LATEST chromedriver version for google-chrome
2025-01-20 14:49:12,225 INFO  Get LATEST chromedriver version for google-chrome
2025-01-20 14:49:12,452 INFO  Driver [/Users/naaddantale/.wdm/drivers/chromedriver/mac64/131.0.6778.264/chromedriver-mac-arm64/chromedriver] found in cache
2025-01-20 14:49:15,162 INFO  Clicking expand button to reveal more video details.
2025-01-20 14:49:20,035 INFO  Fetching likes count.
2025-01-20 14:49:20,050 INFO  Fetching uploaded date.
2025-01-20 14:49:44,792 INFO  Fetching comments count and details.
2025-01-20 14:49:44,839 ERROR  Failed to fetch comments count.
2025-01-20 14:49:44,853 INFO  Fetching video duration.
2025-01-20 14:49:44,963 INFO  Saving video info to new_data/@DudePerfect/videos/jfNUWOpPVr8.json
2025-01-20 14:49:44,964 INFO  Extracting video details.
2025-01-20 14:49:44,994 INFO  Fetching additional details for video: SFAt6gfm-xE
2025-01-20 14:49:44,994 INFO  ====== WebDriver manager ======
2025-01-20 14:49:45,165 INFO  Get LATEST chromedriver version for google-chrome
2025-01-20 14:49:45,397 INFO  Get LATEST chromedriver version for google-chrome
2025-01-20 14:49:45,616 INFO  Driver [/Users/naaddantale/.wdm/drivers/chromedriver/mac64/131.0.6778.264/chromedriver-mac-arm64/chromedriver] found in cache
2025-01-20 14:49:49,489 INFO  Clicking expand button to reveal more video details.
2025-01-20 14:49:50,596 INFO  Fetching likes count.
2025-01-20 14:49:50,622 INFO  Fetching uploaded date.
2025-01-20 14:50:16,585 INFO  Fetching comments count and details.
2025-01-20 14:50:18,624 ERROR  Failed to fetch comment details: string index out of range
2025-01-20 14:50:19,486 ERROR  Failed to fetch comment details: string index out of range
2025-01-20 14:50:19,591 ERROR  Failed to fetch comment details: string index out of range
2025-01-20 14:50:19,796 ERROR  Failed to fetch comment details: string index out of range
2025-01-20 14:50:20,207 ERROR  Failed to fetch comment details: string index out of range
2025-01-20 14:50:20,302 ERROR  Failed to fetch comment details: string index out of range
2025-01-20 14:50:20,521 ERROR  Failed to fetch comment details: string index out of range
2025-01-20 14:50:21,279 WARNING  Retrying (Retry(total=2, connect=None, read=None, redirect=None, status=None)) after connection broken by 'NewConnectionError('<urllib3.connection.HTTPConnection object at 0x111161ee0>: Failed to establish a new connection: [Errno 61] Connection refused')': /session/fb773fc9fc3e0c3afb1995491b646711
2025-01-20 14:50:21,280 WARNING  Retrying (Retry(total=1, connect=None, read=None, redirect=None, status=None)) after connection broken by 'NewConnectionError('<urllib3.connection.HTTPConnection object at 0x111161b80>: Failed to establish a new connection: [Errno 61] Connection refused')': /session/fb773fc9fc3e0c3afb1995491b646711
2025-01-20 14:50:21,281 WARNING  Retrying (Retry(total=0, connect=None, read=None, redirect=None, status=None)) after connection broken by 'NewConnectionError('<urllib3.connection.HTTPConnection object at 0x111162030>: Failed to establish a new connection: [Errno 61] Connection refused')': /session/fb773fc9fc3e0c3afb1995491b646711
