2025-01-19 07:06:41,743 INFO  ====== WebDriver manager ======
2025-01-19 07:06:41,942 INFO  Get LATEST chromedriver version for google-chrome
2025-01-19 07:06:42,157 INFO  Get LATEST chromedriver version for google-chrome
2025-01-19 07:06:42,325 INFO  Driver [/Users/naaddantale/.wdm/drivers/chromedriver/mac64/131.0.6778.264/chromedriver-mac-arm64/chromedriver] found in cache
2025-01-19 07:06:43,924 INFO  Starting scrape for channel: @MrBeast (Attempt 1)
2025-01-19 07:06:43,926 INFO  ====== WebDriver manager ======
2025-01-19 07:06:44,108 INFO  Get LATEST chromedriver version for google-chrome
2025-01-19 07:06:44,294 INFO  Get LATEST chromedriver version for google-chrome
2025-01-19 07:06:44,500 INFO  Driver [/Users/naaddantale/.wdm/drivers/chromedriver/mac64/131.0.6778.264/chromedriver-mac-arm64/chromedriver] found in cache
2025-01-19 07:06:49,164 INFO  Fetching channel name and verification status.
2025-01-19 07:06:49,221 INFO  Clicking 'More' button to fetch about info.
2025-01-19 07:06:49,827 INFO  Fetching channel links.
2025-01-19 07:06:49,878 INFO  Fetching channel details (subscribers, videos, views, joined date).
2025-01-19 07:06:49,920 INFO  Closing channel details popup.
2025-01-19 07:06:49,958 INFO  Fetching video information for channel: @MrBeast
2025-01-19 07:06:49,964 INFO  Scrolling through the page to load all videos.
2025-01-19 07:07:05,205 INFO  Extracting video details.
2025-01-19 07:07:05,253 INFO  Fetching additional details for video: SM66GDRyIVY
2025-01-19 07:07:05,254 INFO  ====== WebDriver manager ======
2025-01-19 07:07:05,427 INFO  Get LATEST chromedriver version for google-chrome
2025-01-19 07:07:05,689 INFO  Get LATEST chromedriver version for google-chrome
2025-01-19 07:07:05,879 INFO  Driver [/Users/naaddantale/.wdm/drivers/chromedriver/mac64/131.0.6778.264/chromedriver-mac-arm64/chromedriver] found in cache
2025-01-19 07:07:09,887 INFO  Clicking expand button to reveal more video details.
2025-01-19 07:07:11,304 INFO  Fetching likes count.
2025-01-19 07:07:11,332 INFO  Fetching uploaded date.
2025-01-19 07:07:38,541 INFO  Fetching comments count and details.
2025-01-19 07:07:39,826 ERROR  Failed to fetch comment details: string index out of range
2025-01-19 07:07:41,660 ERROR  Failed to fetch comment details: string index out of range
2025-01-19 07:07:41,975 ERROR  Failed to fetch comment details: string index out of range
2025-01-19 07:07:42,407 ERROR  Failed to fetch comment details: string index out of range
2025-01-19 07:07:42,709 INFO  Fetching video duration.
2025-01-19 07:07:42,993 INFO  Saving video info to new_data/@MrBeast/videos/SM66GDRyIVY.json
2025-01-19 07:07:42,994 INFO  Extracting video details.
2025-01-19 07:07:43,029 INFO  Fetching additional details for video: gs8qfL9PNac
2025-01-19 07:07:43,029 INFO  ====== WebDriver manager ======
2025-01-19 07:07:43,650 INFO  Get LATEST chromedriver version for google-chrome
2025-01-19 07:07:43,877 INFO  Get LATEST chromedriver version for google-chrome
2025-01-19 07:07:44,050 INFO  Driver [/Users/naaddantale/.wdm/drivers/chromedriver/mac64/131.0.6778.264/chromedriver-mac-arm64/chromedriver] found in cache
2025-01-19 07:07:48,310 INFO  Clicking expand button to reveal more video details.
2025-01-19 07:07:54,064 INFO  Fetching likes count.
2025-01-19 07:07:54,095 INFO  Fetching uploaded date.
2025-01-19 07:08:20,157 INFO  Fetching comments count and details.
2025-01-19 07:08:20,976 ERROR  Failed to fetch comment details: string index out of range
2025-01-19 07:08:21,906 ERROR  Failed to fetch comment details: string index out of range
2025-01-19 07:08:22,482 INFO  Fetching video duration.
2025-01-19 07:08:22,904 INFO  Saving video info to new_data/@MrBeast/videos/gs8qfL9PNac.json
2025-01-19 07:08:22,905 INFO  Extracting video details.
2025-01-19 07:08:22,937 INFO  Fetching additional details for video: 0BjlBnfHcHM
2025-01-19 07:08:22,937 INFO  ====== WebDriver manager ======
2025-01-19 07:08:23,444 INFO  Get LATEST chromedriver version for google-chrome
2025-01-19 07:08:23,652 INFO  Get LATEST chromedriver version for google-chrome
2025-01-19 07:08:23,858 INFO  Driver [/Users/naaddantale/.wdm/drivers/chromedriver/mac64/131.0.6778.264/chromedriver-mac-arm64/chromedriver] found in cache
2025-01-19 07:08:29,798 INFO  Clicking expand button to reveal more video details.
2025-01-19 07:08:29,899 INFO  Fetching likes count.
2025-01-19 07:08:29,926 INFO  Fetching uploaded date.
2025-01-19 07:08:55,957 INFO  Fetching comments count and details.
2025-01-19 07:08:58,509 ERROR  Failed to fetch comment details: string index out of range
2025-01-19 07:08:59,073 ERROR  Failed to fetch comment details: string index out of range
2025-01-19 07:08:59,351 ERROR  Failed to fetch comment details: string index out of range
2025-01-19 07:08:59,483 ERROR  Failed to fetch comment details: string index out of range
2025-01-19 07:08:59,634 ERROR  Failed to fetch comment details: string index out of range
2025-01-19 07:08:59,775 ERROR  Failed to fetch comment details: string index out of range
2025-01-19 07:09:00,516 INFO  Fetching video duration.
2025-01-19 07:09:00,850 INFO  Saving video info to new_data/@MrBeast/videos/0BjlBnfHcHM.json
2025-01-19 07:09:00,851 INFO  Extracting video details.
2025-01-19 07:09:00,878 INFO  Fetching additional details for video: Xj0Jtjg3lHQ
2025-01-19 07:09:00,879 INFO  ====== WebDriver manager ======
2025-01-19 07:09:01,052 INFO  Get LATEST chromedriver version for google-chrome
2025-01-19 07:09:01,251 INFO  Get LATEST chromedriver version for google-chrome
2025-01-19 07:09:01,421 INFO  Driver [/Users/naaddantale/.wdm/drivers/chromedriver/mac64/131.0.6778.264/chromedriver-mac-arm64/chromedriver] found in cache
2025-01-19 07:09:05,633 INFO  Clicking expand button to reveal more video details.
2025-01-19 07:09:06,846 INFO  Fetching likes count.
2025-01-19 07:09:07,001 INFO  Fetching uploaded date.
2025-01-19 07:09:33,555 INFO  Fetching comments count and details.
2025-01-19 07:09:34,758 ERROR  Failed to fetch comment details: string index out of range
2025-01-19 07:09:34,888 ERROR  Failed to fetch comment details: string index out of range
2025-01-19 07:09:35,184 ERROR  Failed to fetch comment details: string index out of range
2025-01-19 07:09:35,908 ERROR  Failed to fetch comment details: string index out of range
2025-01-19 07:09:36,151 ERROR  Failed to fetch comment details: string index out of range
2025-01-19 07:09:36,312 ERROR  Failed to fetch comment details: string index out of range
2025-01-19 07:09:36,812 ERROR  Failed to fetch comment details: string index out of range
2025-01-19 07:09:37,295 ERROR  Failed to fetch comment details: string index out of range
2025-01-19 07:09:37,751 ERROR  Failed to fetch comment details: string index out of range
2025-01-19 07:09:37,890 ERROR  Failed to fetch comment details: string index out of range
2025-01-19 07:09:38,044 ERROR  Failed to fetch comment details: string index out of range
2025-01-19 07:09:38,527 ERROR  Failed to fetch comment details: string index out of range
2025-01-19 07:09:38,659 ERROR  Failed to fetch comment details: string index out of range
2025-01-19 07:09:38,909 ERROR  Failed to fetch comment details: string index out of range
2025-01-19 07:09:39,220 ERROR  Failed to fetch comment details: string index out of range
2025-01-19 07:09:39,357 ERROR  Failed to fetch comment details: string index out of range
2025-01-19 07:09:39,488 ERROR  Failed to fetch comment details: string index out of range
2025-01-19 07:09:39,620 ERROR  Failed to fetch comment details: string index out of range
2025-01-19 07:09:39,756 ERROR  Failed to fetch comment details: string index out of range
2025-01-19 07:09:39,756 INFO  Fetching video duration.
2025-01-19 07:09:40,127 INFO  Saving video info to new_data/@MrBeast/videos/Xj0Jtjg3lHQ.json
2025-01-19 07:09:40,130 INFO  Extracting video details.
2025-01-19 07:09:40,166 INFO  Fetching additional details for video: bn0Kh9c4Zv4
2025-01-19 07:09:40,166 INFO  ====== WebDriver manager ======
2025-01-19 07:09:40,890 INFO  Get LATEST chromedriver version for google-chrome
2025-01-19 07:09:41,074 INFO  Get LATEST chromedriver version for google-chrome
2025-01-19 07:09:41,254 INFO  Driver [/Users/naaddantale/.wdm/drivers/chromedriver/mac64/131.0.6778.264/chromedriver-mac-arm64/chromedriver] found in cache
2025-01-19 07:09:44,363 INFO  Clicking expand button to reveal more video details.
2025-01-19 07:09:46,722 INFO  Fetching likes count.
2025-01-19 07:09:46,824 INFO  Fetching uploaded date.
2025-01-19 07:10:13,614 INFO  Fetching comments count and details.
2025-01-19 07:10:16,485 ERROR  Failed to fetch comment details: string index out of range
2025-01-19 07:10:16,723 ERROR  Failed to fetch comment details: string index out of range
2025-01-19 07:10:17,579 ERROR  Failed to fetch comment details: string index out of range
2025-01-19 07:10:17,714 ERROR  Failed to fetch comment details: string index out of range
2025-01-19 07:10:17,984 ERROR  Failed to fetch comment details: string index out of range
2025-01-19 07:10:18,126 ERROR  Failed to fetch comment details: string index out of range
2025-01-19 07:10:18,396 ERROR  Failed to fetch comment details: string index out of range
2025-01-19 07:10:18,818 ERROR  Failed to fetch comment details: string index out of range
2025-01-19 07:10:19,095 ERROR  Failed to fetch comment details: string index out of range
2025-01-19 07:10:19,228 ERROR  Failed to fetch comment details: string index out of range
2025-01-19 07:10:19,364 ERROR  Failed to fetch comment details: string index out of range
2025-01-19 07:10:19,495 ERROR  Failed to fetch comment details: string index out of range
2025-01-19 07:10:19,495 INFO  Fetching video duration.
2025-01-19 07:10:19,788 INFO  Saving video info to new_data/@MrBeast/videos/bn0Kh9c4Zv4.json
2025-01-19 07:10:19,789 INFO  Extracting video details.
2025-01-19 07:10:19,816 INFO  Fetching additional details for video: snX5YyflrGw
2025-01-19 07:10:19,817 INFO  ====== WebDriver manager ======
2025-01-19 07:10:20,290 INFO  Get LATEST chromedriver version for google-chrome
2025-01-19 07:10:20,487 INFO  Get LATEST chromedriver version for google-chrome
2025-01-19 07:10:20,682 INFO  Driver [/Users/naaddantale/.wdm/drivers/chromedriver/mac64/131.0.6778.264/chromedriver-mac-arm64/chromedriver] found in cache
2025-01-19 07:10:24,819 INFO  Clicking expand button to reveal more video details.
2025-01-19 07:10:26,082 INFO  Fetching likes count.
2025-01-19 07:10:26,135 INFO  Fetching uploaded date.
2025-01-19 07:10:54,204 WARNING  Retrying (Retry(total=2, connect=None, read=None, redirect=None, status=None)) after connection broken by 'NewConnectionError('<urllib3.connection.HTTPConnection object at 0x103727ce0>: Failed to establish a new connection: [Errno 61] Connection refused')': /session/9547c88458f64b342dd3011de1d68e8b
2025-01-19 07:10:54,222 WARNING  Retrying (Retry(total=1, connect=None, read=None, redirect=None, status=None)) after connection broken by 'NewConnectionError('<urllib3.connection.HTTPConnection object at 0x103725eb0>: Failed to establish a new connection: [Errno 61] Connection refused')': /session/9547c88458f64b342dd3011de1d68e8b
2025-01-19 07:10:54,225 WARNING  Retrying (Retry(total=0, connect=None, read=None, redirect=None, status=None)) after connection broken by 'NewConnectionError('<urllib3.connection.HTTPConnection object at 0x1037279e0>: Failed to establish a new connection: [Errno 61] Connection refused')': /session/9547c88458f64b342dd3011de1d68e8b
2025-01-19 07:10:54,232 WARNING  Retrying (Retry(total=2, connect=None, read=None, redirect=None, status=None)) after connection broken by 'NewConnectionError('<urllib3.connection.HTTPConnection object at 0x10370d850>: Failed to establish a new connection: [Errno 61] Connection refused')': /session/04267c4b05a603e8092eed5f42c99559
2025-01-19 07:10:54,234 WARNING  Retrying (Retry(total=1, connect=None, read=None, redirect=None, status=None)) after connection broken by 'NewConnectionError('<urllib3.connection.HTTPConnection object at 0x10370d730>: Failed to establish a new connection: [Errno 61] Connection refused')': /session/04267c4b05a603e8092eed5f42c99559
2025-01-19 07:10:54,235 WARNING  Retrying (Retry(total=0, connect=None, read=None, redirect=None, status=None)) after connection broken by 'NewConnectionError('<urllib3.connection.HTTPConnection object at 0x10370d9a0>: Failed to establish a new connection: [Errno 61] Connection refused')': /session/04267c4b05a603e8092eed5f42c99559
