2025-01-19 06:55:56,210 INFO  ====== WebDriver manager ======
2025-01-19 06:55:56,434 INFO  Get LATEST chromedriver version for google-chrome
2025-01-19 06:55:56,614 INFO  Get LATEST chromedriver version for google-chrome
2025-01-19 06:55:56,814 INFO  Driver [/Users/naaddantale/.wdm/drivers/chromedriver/mac64/131.0.6778.264/chromedriver-mac-arm64/chromedriver] found in cache
2025-01-19 06:55:58,131 INFO  Starting scrape for channel: @MrBeast (Attempt 1)
2025-01-19 06:55:58,133 INFO  ====== WebDriver manager ======
2025-01-19 06:55:58,306 INFO  Get LATEST chromedriver version for google-chrome
2025-01-19 06:55:58,502 INFO  Get LATEST chromedriver version for google-chrome
2025-01-19 06:55:58,695 INFO  Driver [/Users/naaddantale/.wdm/drivers/chromedriver/mac64/131.0.6778.264/chromedriver-mac-arm64/chromedriver] found in cache
2025-01-19 06:56:01,607 INFO  Fetching channel name and verification status.
2025-01-19 06:56:01,667 INFO  Clicking 'More' button to fetch about info.
2025-01-19 06:56:02,394 INFO  Fetching channel links.
2025-01-19 06:56:02,438 INFO  Fetching channel details (subscribers, videos, views, joined date).
2025-01-19 06:56:02,480 INFO  Closing channel details popup.
2025-01-19 06:56:02,513 INFO  Fetching video information for channel: @MrBeast
2025-01-19 06:56:02,519 INFO  Scrolling through the page to load all videos.
2025-01-19 06:56:17,757 INFO  Extracting video details.
2025-01-19 06:56:17,804 INFO  Fetching additional details for video: SM66GDRyIVY
2025-01-19 06:56:17,804 INFO  ====== WebDriver manager ======
2025-01-19 06:56:17,968 INFO  Get LATEST chromedriver version for google-chrome
2025-01-19 06:56:18,149 INFO  Get LATEST chromedriver version for google-chrome
2025-01-19 06:56:18,341 INFO  Driver [/Users/naaddantale/.wdm/drivers/chromedriver/mac64/131.0.6778.264/chromedriver-mac-arm64/chromedriver] found in cache
2025-01-19 06:56:21,051 INFO  Clicking expand button to reveal more video details.
2025-01-19 06:56:21,599 ERROR  Unexpected error occurred: Message: element not interactable
  (Session info: chrome=131.0.6778.265)
Stacktrace:
0   chromedriver                        0x0000000103056138 cxxbridge1$str$ptr + 3653888
1   chromedriver                        0x000000010304e988 cxxbridge1$str$ptr + 3623248
2   chromedriver                        0x0000000102ab47d8 cxxbridge1$string$len + 88828
3   chromedriver                        0x0000000102af9cf0 cxxbridge1$string$len + 372756
4   chromedriver                        0x0000000102aef470 cxxbridge1$string$len + 329620
5   chromedriver                        0x0000000102aeeec4 cxxbridge1$string$len + 328168
6   chromedriver                        0x0000000102b324f0 cxxbridge1$string$len + 604180
7   chromedriver                        0x0000000102aed564 cxxbridge1$string$len + 321672
8   chromedriver                        0x0000000102aee1b4 cxxbridge1$string$len + 324824
9   chromedriver                        0x0000000103020fc0 cxxbridge1$str$ptr + 3436424
10  chromedriver                        0x00000001030242dc cxxbridge1$str$ptr + 3449508
11  chromedriver                        0x0000000103007e60 cxxbridge1$str$ptr + 3333672
12  chromedriver                        0x0000000103024b9c cxxbridge1$str$ptr + 3451748
13  chromedriver                        0x0000000102ff9678 cxxbridge1$str$ptr + 3274304
14  chromedriver                        0x000000010303f2b4 cxxbridge1$str$ptr + 3560060
15  chromedriver                        0x000000010303f430 cxxbridge1$str$ptr + 3560440
16  chromedriver                        0x000000010304e5fc cxxbridge1$str$ptr + 3622340
17  libsystem_pthread.dylib             0x00000001885e32e4 _pthread_start + 136
18  libsystem_pthread.dylib             0x00000001885de0fc thread_start + 8

2025-01-19 06:56:21,690 INFO  Saving video info to new_data/@MrBeast/videos/SM66GDRyIVY.json
2025-01-19 06:56:21,690 INFO  Extracting video details.
2025-01-19 06:56:21,718 INFO  Fetching additional details for video: gs8qfL9PNac
2025-01-19 06:56:21,718 INFO  ====== WebDriver manager ======
2025-01-19 06:56:21,885 INFO  Get LATEST chromedriver version for google-chrome
2025-01-19 06:56:22,082 INFO  Get LATEST chromedriver version for google-chrome
2025-01-19 06:56:22,285 INFO  Driver [/Users/naaddantale/.wdm/drivers/chromedriver/mac64/131.0.6778.264/chromedriver-mac-arm64/chromedriver] found in cache
2025-01-19 06:56:24,652 INFO  Clicking expand button to reveal more video details.
2025-01-19 06:56:24,679 ERROR  Unexpected error occurred: Message: element not interactable
  (Session info: chrome=131.0.6778.265)
Stacktrace:
0   chromedriver                        0x00000001009e2138 cxxbridge1$str$ptr + 3653888
1   chromedriver                        0x00000001009da988 cxxbridge1$str$ptr + 3623248
2   chromedriver                        0x00000001004407d8 cxxbridge1$string$len + 88828
3   chromedriver                        0x0000000100485cf0 cxxbridge1$string$len + 372756
4   chromedriver                        0x000000010047b470 cxxbridge1$string$len + 329620
5   chromedriver                        0x000000010047aec4 cxxbridge1$string$len + 328168
6   chromedriver                        0x00000001004be4f0 cxxbridge1$string$len + 604180
7   chromedriver                        0x0000000100479564 cxxbridge1$string$len + 321672
8   chromedriver                        0x000000010047a1b4 cxxbridge1$string$len + 324824
9   chromedriver                        0x00000001009acfc0 cxxbridge1$str$ptr + 3436424
10  chromedriver                        0x00000001009b02dc cxxbridge1$str$ptr + 3449508
11  chromedriver                        0x0000000100993e60 cxxbridge1$str$ptr + 3333672
12  chromedriver                        0x00000001009b0b9c cxxbridge1$str$ptr + 3451748
13  chromedriver                        0x0000000100985678 cxxbridge1$str$ptr + 3274304
14  chromedriver                        0x00000001009cb2b4 cxxbridge1$str$ptr + 3560060
15  chromedriver                        0x00000001009cb430 cxxbridge1$str$ptr + 3560440
16  chromedriver                        0x00000001009da5fc cxxbridge1$str$ptr + 3622340
17  libsystem_pthread.dylib             0x00000001885e32e4 _pthread_start + 136
18  libsystem_pthread.dylib             0x00000001885de0fc thread_start + 8

2025-01-19 06:56:24,763 INFO  Saving video info to new_data/@MrBeast/videos/gs8qfL9PNac.json
2025-01-19 06:56:24,763 INFO  Extracting video details.
2025-01-19 06:56:24,791 INFO  Fetching additional details for video: 0BjlBnfHcHM
2025-01-19 06:56:24,791 INFO  ====== WebDriver manager ======
2025-01-19 06:56:24,953 INFO  Get LATEST chromedriver version for google-chrome
2025-01-19 06:56:25,162 INFO  Get LATEST chromedriver version for google-chrome
2025-01-19 06:56:25,352 INFO  Driver [/Users/naaddantale/.wdm/drivers/chromedriver/mac64/131.0.6778.264/chromedriver-mac-arm64/chromedriver] found in cache
2025-01-19 06:56:27,796 INFO  Clicking expand button to reveal more video details.
2025-01-19 06:56:27,810 ERROR  Unexpected error occurred: Message: element not interactable
  (Session info: chrome=131.0.6778.265)
Stacktrace:
0   chromedriver                        0x000000010514a138 cxxbridge1$str$ptr + 3653888
1   chromedriver                        0x0000000105142988 cxxbridge1$str$ptr + 3623248
2   chromedriver                        0x0000000104ba87d8 cxxbridge1$string$len + 88828
3   chromedriver                        0x0000000104bedcf0 cxxbridge1$string$len + 372756
4   chromedriver                        0x0000000104be3470 cxxbridge1$string$len + 329620
5   chromedriver                        0x0000000104be2ec4 cxxbridge1$string$len + 328168
6   chromedriver                        0x0000000104c264f0 cxxbridge1$string$len + 604180
7   chromedriver                        0x0000000104be1564 cxxbridge1$string$len + 321672
8   chromedriver                        0x0000000104be21b4 cxxbridge1$string$len + 324824
9   chromedriver                        0x0000000105114fc0 cxxbridge1$str$ptr + 3436424
10  chromedriver                        0x00000001051182dc cxxbridge1$str$ptr + 3449508
11  chromedriver                        0x00000001050fbe60 cxxbridge1$str$ptr + 3333672
12  chromedriver                        0x0000000105118b9c cxxbridge1$str$ptr + 3451748
13  chromedriver                        0x00000001050ed678 cxxbridge1$str$ptr + 3274304
14  chromedriver                        0x00000001051332b4 cxxbridge1$str$ptr + 3560060
15  chromedriver                        0x0000000105133430 cxxbridge1$str$ptr + 3560440
16  chromedriver                        0x00000001051425fc cxxbridge1$str$ptr + 3622340
17  libsystem_pthread.dylib             0x00000001885e32e4 _pthread_start + 136
18  libsystem_pthread.dylib             0x00000001885de0fc thread_start + 8

2025-01-19 06:56:27,912 INFO  Saving video info to new_data/@MrBeast/videos/0BjlBnfHcHM.json
2025-01-19 06:56:27,913 INFO  Extracting video details.
2025-01-19 06:56:27,945 INFO  Fetching additional details for video: Xj0Jtjg3lHQ
2025-01-19 06:56:27,945 INFO  ====== WebDriver manager ======
2025-01-19 06:56:28,083 INFO  Get LATEST chromedriver version for google-chrome
2025-01-19 06:56:28,277 INFO  Get LATEST chromedriver version for google-chrome
2025-01-19 06:56:28,470 INFO  Driver [/Users/naaddantale/.wdm/drivers/chromedriver/mac64/131.0.6778.264/chromedriver-mac-arm64/chromedriver] found in cache
2025-01-19 06:56:30,856 INFO  Clicking expand button to reveal more video details.
2025-01-19 06:56:30,893 ERROR  Unexpected error occurred: Message: element not interactable
  (Session info: chrome=131.0.6778.265)
Stacktrace:
0   chromedriver                        0x00000001052ce138 cxxbridge1$str$ptr + 3653888
1   chromedriver                        0x00000001052c6988 cxxbridge1$str$ptr + 3623248
2   chromedriver                        0x0000000104d2c7d8 cxxbridge1$string$len + 88828
3   chromedriver                        0x0000000104d71cf0 cxxbridge1$string$len + 372756
4   chromedriver                        0x0000000104d67470 cxxbridge1$string$len + 329620
5   chromedriver                        0x0000000104d66ec4 cxxbridge1$string$len + 328168
6   chromedriver                        0x0000000104daa4f0 cxxbridge1$string$len + 604180
7   chromedriver                        0x0000000104d65564 cxxbridge1$string$len + 321672
8   chromedriver                        0x0000000104d661b4 cxxbridge1$string$len + 324824
9   chromedriver                        0x0000000105298fc0 cxxbridge1$str$ptr + 3436424
10  chromedriver                        0x000000010529c2dc cxxbridge1$str$ptr + 3449508
11  chromedriver                        0x000000010527fe60 cxxbridge1$str$ptr + 3333672
12  chromedriver                        0x000000010529cb9c cxxbridge1$str$ptr + 3451748
13  chromedriver                        0x0000000105271678 cxxbridge1$str$ptr + 3274304
14  chromedriver                        0x00000001052b72b4 cxxbridge1$str$ptr + 3560060
15  chromedriver                        0x00000001052b7430 cxxbridge1$str$ptr + 3560440
16  chromedriver                        0x00000001052c65fc cxxbridge1$str$ptr + 3622340
17  libsystem_pthread.dylib             0x00000001885e32e4 _pthread_start + 136
18  libsystem_pthread.dylib             0x00000001885de0fc thread_start + 8

2025-01-19 06:56:30,980 INFO  Saving video info to new_data/@MrBeast/videos/Xj0Jtjg3lHQ.json
2025-01-19 06:56:30,980 INFO  Extracting video details.
2025-01-19 06:56:31,015 INFO  Fetching additional details for video: bn0Kh9c4Zv4
2025-01-19 06:56:31,015 INFO  ====== WebDriver manager ======
2025-01-19 06:56:31,170 INFO  Get LATEST chromedriver version for google-chrome
2025-01-19 06:56:31,377 INFO  Get LATEST chromedriver version for google-chrome
2025-01-19 06:56:31,556 INFO  Driver [/Users/naaddantale/.wdm/drivers/chromedriver/mac64/131.0.6778.264/chromedriver-mac-arm64/chromedriver] found in cache
2025-01-19 06:56:34,113 INFO  Clicking expand button to reveal more video details.
2025-01-19 06:56:34,128 ERROR  Unexpected error occurred: Message: element not interactable
  (Session info: chrome=131.0.6778.265)
Stacktrace:
0   chromedriver                        0x0000000101366138 cxxbridge1$str$ptr + 3653888
1   chromedriver                        0x000000010135e988 cxxbridge1$str$ptr + 3623248
2   chromedriver                        0x0000000100dc47d8 cxxbridge1$string$len + 88828
3   chromedriver                        0x0000000100e09cf0 cxxbridge1$string$len + 372756
4   chromedriver                        0x0000000100dff470 cxxbridge1$string$len + 329620
5   chromedriver                        0x0000000100dfeec4 cxxbridge1$string$len + 328168
6   chromedriver                        0x0000000100e424f0 cxxbridge1$string$len + 604180
7   chromedriver                        0x0000000100dfd564 cxxbridge1$string$len + 321672
8   chromedriver                        0x0000000100dfe1b4 cxxbridge1$string$len + 324824
9   chromedriver                        0x0000000101330fc0 cxxbridge1$str$ptr + 3436424
10  chromedriver                        0x00000001013342dc cxxbridge1$str$ptr + 3449508
11  chromedriver                        0x0000000101317e60 cxxbridge1$str$ptr + 3333672
12  chromedriver                        0x0000000101334b9c cxxbridge1$str$ptr + 3451748
13  chromedriver                        0x0000000101309678 cxxbridge1$str$ptr + 3274304
14  chromedriver                        0x000000010134f2b4 cxxbridge1$str$ptr + 3560060
15  chromedriver                        0x000000010134f430 cxxbridge1$str$ptr + 3560440
16  chromedriver                        0x000000010135e5fc cxxbridge1$str$ptr + 3622340
17  libsystem_pthread.dylib             0x00000001885e32e4 _pthread_start + 136
18  libsystem_pthread.dylib             0x00000001885de0fc thread_start + 8

2025-01-19 06:56:34,216 INFO  Saving video info to new_data/@MrBeast/videos/bn0Kh9c4Zv4.json
2025-01-19 06:56:34,216 INFO  Extracting video details.
2025-01-19 06:56:34,245 INFO  Fetching additional details for video: snX5YyflrGw
2025-01-19 06:56:34,245 INFO  ====== WebDriver manager ======
2025-01-19 06:56:34,393 INFO  Get LATEST chromedriver version for google-chrome
2025-01-19 06:56:34,609 INFO  Get LATEST chromedriver version for google-chrome
2025-01-19 06:56:34,801 INFO  Driver [/Users/naaddantale/.wdm/drivers/chromedriver/mac64/131.0.6778.264/chromedriver-mac-arm64/chromedriver] found in cache
2025-01-19 06:56:39,524 INFO  Clicking expand button to reveal more video details.
2025-01-19 06:56:39,668 INFO  Fetching likes count.
2025-01-19 06:56:39,685 INFO  Fetching uploaded date.
2025-01-19 06:56:58,256 WARNING  Retrying (Retry(total=2, connect=None, read=None, redirect=None, status=None)) after connection broken by 'NewConnectionError('<urllib3.connection.HTTPConnection object at 0x10603e150>: Failed to establish a new connection: [Errno 61] Connection refused')': /session/470c63d2d1ffd6fcbe1374124e93eddd
2025-01-19 06:56:58,302 WARNING  Retrying (Retry(total=1, connect=None, read=None, redirect=None, status=None)) after connection broken by 'NewConnectionError('<urllib3.connection.HTTPConnection object at 0x10603dcd0>: Failed to establish a new connection: [Errno 61] Connection refused')': /session/470c63d2d1ffd6fcbe1374124e93eddd
2025-01-19 06:56:58,310 WARNING  Retrying (Retry(total=0, connect=None, read=None, redirect=None, status=None)) after connection broken by 'NewConnectionError('<urllib3.connection.HTTPConnection object at 0x10603d2e0>: Failed to establish a new connection: [Errno 61] Connection refused')': /session/470c63d2d1ffd6fcbe1374124e93eddd
2025-01-19 06:56:58,330 WARNING  Retrying (Retry(total=2, connect=None, read=None, redirect=None, status=None)) after connection broken by 'NewConnectionError('<urllib3.connection.HTTPConnection object at 0x106021760>: Failed to establish a new connection: [Errno 61] Connection refused')': /session/bb0543b8bf72bec588c693724393ffbf
2025-01-19 06:56:58,334 WARNING  Retrying (Retry(total=1, connect=None, read=None, redirect=None, status=None)) after connection broken by 'NewConnectionError('<urllib3.connection.HTTPConnection object at 0x106021910>: Failed to establish a new connection: [Errno 61] Connection refused')': /session/bb0543b8bf72bec588c693724393ffbf
2025-01-19 06:56:58,352 WARNING  Retrying (Retry(total=0, connect=None, read=None, redirect=None, status=None)) after connection broken by 'NewConnectionError('<urllib3.connection.HTTPConnection object at 0x106021850>: Failed to establish a new connection: [Errno 61] Connection refused')': /session/bb0543b8bf72bec588c693724393ffbf
