2025-01-19 06:47:01,880 INFO  ====== WebDriver manager ======
2025-01-19 06:47:02,153 INFO  Get LATEST chromedriver version for google-chrome
2025-01-19 06:47:02,407 INFO  Get LATEST chromedriver version for google-chrome
2025-01-19 06:47:02,583 INFO  Driver [/Users/naaddantale/.wdm/drivers/chromedriver/mac64/131.0.6778.264/chromedriver-mac-arm64/chromedriver] found in cache
2025-01-19 06:47:04,645 INFO  Starting scrape for channel: @alwaysalthough (Attempt 1)
2025-01-19 06:47:04,646 INFO  ====== WebDriver manager ======
2025-01-19 06:47:04,808 INFO  Get LATEST chromedriver version for google-chrome
2025-01-19 06:47:04,997 INFO  Get LATEST chromedriver version for google-chrome
2025-01-19 06:47:05,169 INFO  Driver [/Users/naaddantale/.wdm/drivers/chromedriver/mac64/131.0.6778.264/chromedriver-mac-arm64/chromedriver] found in cache
2025-01-19 06:47:11,585 INFO  Fetching channel name and verification status.
2025-01-19 06:47:11,621 INFO  Verification status: Not verified.
2025-01-19 06:47:11,621 INFO  Clicking 'More' button to fetch about info.
2025-01-19 06:47:12,214 INFO  Fetching channel links.
2025-01-19 06:47:12,271 INFO  Fetching channel details (subscribers, videos, views, joined date).
2025-01-19 06:47:12,349 INFO  Closing channel details popup.
2025-01-19 06:47:12,391 INFO  Fetching video information for channel: @alwaysalthough
2025-01-19 06:47:12,396 INFO  Scrolling through the page to load all videos.
2025-01-19 06:47:27,496 INFO  Extracting video details.
2025-01-19 06:47:27,554 INFO  Fetching additional details for video: Vn70kksyxhs
2025-01-19 06:47:27,554 INFO  ====== WebDriver manager ======
2025-01-19 06:47:27,715 INFO  Get LATEST chromedriver version for google-chrome
2025-01-19 06:47:27,950 INFO  Get LATEST chromedriver version for google-chrome
2025-01-19 06:47:28,142 INFO  Driver [/Users/naaddantale/.wdm/drivers/chromedriver/mac64/131.0.6778.264/chromedriver-mac-arm64/chromedriver] found in cache
2025-01-19 06:47:34,841 INFO  Clicking expand button to reveal more video details.
2025-01-19 06:47:34,896 INFO  Fetching likes count.
2025-01-19 06:47:34,915 INFO  Fetching uploaded date.
2025-01-19 06:48:21,563 INFO  Fetching comments count and details.
2025-01-19 06:48:23,100 ERROR  Failed to fetch comment details: string index out of range
2025-01-19 06:48:23,101 INFO  Fetching video duration.
2025-01-19 06:48:23,436 INFO  Saving video info to temp_data/@alwaysalthough/videos/Vn70kksyxhs.json
2025-01-19 06:48:23,436 INFO  Extracting video details.
2025-01-19 06:48:23,504 INFO  Fetching additional details for video: Fjkyhi1fuUU
2025-01-19 06:48:23,504 INFO  ====== WebDriver manager ======
2025-01-19 06:48:23,683 INFO  Get LATEST chromedriver version for google-chrome
2025-01-19 06:48:23,882 INFO  Get LATEST chromedriver version for google-chrome
2025-01-19 06:48:24,061 INFO  Driver [/Users/naaddantale/.wdm/drivers/chromedriver/mac64/131.0.6778.264/chromedriver-mac-arm64/chromedriver] found in cache
2025-01-19 06:48:28,383 INFO  Clicking expand button to reveal more video details.
2025-01-19 06:48:30,103 INFO  Fetching likes count.
2025-01-19 06:48:30,151 INFO  Fetching uploaded date.
2025-01-19 06:49:16,572 INFO  Fetching comments count and details.
2025-01-19 06:49:16,637 ERROR  Failed to fetch comments count.
2025-01-19 06:49:16,658 INFO  Fetching video duration.
2025-01-19 06:49:16,771 INFO  Saving video info to temp_data/@alwaysalthough/videos/Fjkyhi1fuUU.json
2025-01-19 06:49:16,771 INFO  Extracting video details.
2025-01-19 06:49:16,803 INFO  Fetching additional details for video: 6tNMxBjzfow
2025-01-19 06:49:16,803 INFO  ====== WebDriver manager ======
2025-01-19 06:49:16,965 INFO  Get LATEST chromedriver version for google-chrome
2025-01-19 06:49:17,175 INFO  Get LATEST chromedriver version for google-chrome
2025-01-19 06:49:17,357 INFO  Driver [/Users/naaddantale/.wdm/drivers/chromedriver/mac64/131.0.6778.264/chromedriver-mac-arm64/chromedriver] found in cache
2025-01-19 06:49:21,856 INFO  Clicking expand button to reveal more video details.
2025-01-19 06:49:25,007 INFO  Fetching likes count.
2025-01-19 06:49:25,025 INFO  Fetching uploaded date.
2025-01-19 06:49:49,376 WARNING  Retrying (Retry(total=2, connect=None, read=None, redirect=None, status=None)) after connection broken by 'NewConnectionError('<urllib3.connection.HTTPConnection object at 0x1043cfd10>: Failed to establish a new connection: [Errno 61] Connection refused')': /session/366200e26ec4719126bb244b548d3690
2025-01-19 06:49:49,377 WARNING  Retrying (Retry(total=1, connect=None, read=None, redirect=None, status=None)) after connection broken by 'NewConnectionError('<urllib3.connection.HTTPConnection object at 0x1043ceff0>: Failed to establish a new connection: [Errno 61] Connection refused')': /session/366200e26ec4719126bb244b548d3690
2025-01-19 06:49:49,378 WARNING  Retrying (Retry(total=0, connect=None, read=None, redirect=None, status=None)) after connection broken by 'NewConnectionError('<urllib3.connection.HTTPConnection object at 0x1043cf4d0>: Failed to establish a new connection: [Errno 61] Connection refused')': /session/366200e26ec4719126bb244b548d3690
2025-01-19 06:49:49,380 WARNING  Retrying (Retry(total=2, connect=None, read=None, redirect=None, status=None)) after connection broken by 'NewConnectionError('<urllib3.connection.HTTPConnection object at 0x1042ebc20>: Failed to establish a new connection: [Errno 61] Connection refused')': /session/d83747eb5d7b86d3d66097faad16444c
2025-01-19 06:49:49,380 WARNING  Retrying (Retry(total=1, connect=None, read=None, redirect=None, status=None)) after connection broken by 'NewConnectionError('<urllib3.connection.HTTPConnection object at 0x1043cc4d0>: Failed to establish a new connection: [Errno 61] Connection refused')': /session/d83747eb5d7b86d3d66097faad16444c
2025-01-19 06:49:49,381 WARNING  Retrying (Retry(total=0, connect=None, read=None, redirect=None, status=None)) after connection broken by 'NewConnectionError('<urllib3.connection.HTTPConnection object at 0x1043cf1d0>: Failed to establish a new connection: [Errno 61] Connection refused')': /session/d83747eb5d7b86d3d66097faad16444c
