2025-01-19 06:58:39,025 INFO  ====== WebDriver manager ======
2025-01-19 06:58:39,245 INFO  Get LATEST chromedriver version for google-chrome
2025-01-19 06:58:39,471 INFO  Get LATEST chromedriver version for google-chrome
2025-01-19 06:58:39,651 INFO  Driver [/Users/naaddantale/.wdm/drivers/chromedriver/mac64/131.0.6778.264/chromedriver-mac-arm64/chromedriver] found in cache
2025-01-19 06:58:41,336 INFO  Starting scrape for channel: @MrBeast (Attempt 1)
2025-01-19 06:58:41,338 INFO  ====== WebDriver manager ======
2025-01-19 06:58:41,538 INFO  Get LATEST chromedriver version for google-chrome
2025-01-19 06:58:41,738 INFO  Get LATEST chromedriver version for google-chrome
2025-01-19 06:58:41,924 INFO  Driver [/Users/naaddantale/.wdm/drivers/chromedriver/mac64/131.0.6778.264/chromedriver-mac-arm64/chromedriver] found in cache
2025-01-19 06:58:46,524 INFO  Fetching channel name and verification status.
2025-01-19 06:58:46,555 INFO  Clicking 'More' button to fetch about info.
2025-01-19 06:58:47,163 INFO  Fetching channel links.
2025-01-19 06:58:47,211 INFO  Fetching channel details (subscribers, videos, views, joined date).
2025-01-19 06:58:47,254 INFO  Closing channel details popup.
2025-01-19 06:58:47,296 INFO  Fetching video information for channel: @MrBeast
2025-01-19 06:58:47,301 INFO  Scrolling through the page to load all videos.
2025-01-19 06:59:02,513 INFO  Extracting video details.
2025-01-19 06:59:02,557 INFO  Fetching additional details for video: SM66GDRyIVY
2025-01-19 06:59:02,557 INFO  ====== WebDriver manager ======
2025-01-19 06:59:02,753 INFO  Get LATEST chromedriver version for google-chrome
2025-01-19 06:59:02,949 INFO  Get LATEST chromedriver version for google-chrome
2025-01-19 06:59:03,137 INFO  Driver [/Users/naaddantale/.wdm/drivers/chromedriver/mac64/131.0.6778.264/chromedriver-mac-arm64/chromedriver] found in cache
2025-01-19 06:59:07,388 INFO  Clicking expand button to reveal more video details.
2025-01-19 06:59:08,618 INFO  Fetching likes count.
2025-01-19 06:59:08,682 INFO  Fetching uploaded date.
2025-01-19 06:59:35,067 INFO  Fetching comments count and details.
2025-01-19 06:59:37,237 ERROR  Failed to fetch comment details: string index out of range
2025-01-19 06:59:37,374 ERROR  Failed to fetch comment details: string index out of range
2025-01-19 06:59:37,731 ERROR  Failed to fetch comment details: string index out of range
2025-01-19 06:59:38,029 ERROR  Failed to fetch comment details: string index out of range
2025-01-19 06:59:38,682 ERROR  Failed to fetch comment details: string index out of range
2025-01-19 06:59:38,958 ERROR  Failed to fetch comment details: string index out of range
2025-01-19 06:59:39,097 ERROR  Failed to fetch comment details: string index out of range
2025-01-19 06:59:39,097 INFO  Fetching video duration.
2025-01-19 06:59:39,515 INFO  Saving video info to new_data/@MrBeast/videos/SM66GDRyIVY.json
2025-01-19 06:59:39,515 ERROR  Failed to save video information for SM66GDRyIVY: Object of type datetime is not JSON serializable
2025-01-19 06:59:39,515 INFO  Extracting video details.
2025-01-19 06:59:39,549 INFO  Fetching additional details for video: gs8qfL9PNac
2025-01-19 06:59:39,549 INFO  ====== WebDriver manager ======
2025-01-19 06:59:40,223 INFO  Get LATEST chromedriver version for google-chrome
2025-01-19 06:59:40,394 INFO  Get LATEST chromedriver version for google-chrome
2025-01-19 06:59:40,570 INFO  Driver [/Users/naaddantale/.wdm/drivers/chromedriver/mac64/131.0.6778.264/chromedriver-mac-arm64/chromedriver] found in cache
2025-01-19 06:59:46,782 INFO  Clicking expand button to reveal more video details.
2025-01-19 06:59:47,040 INFO  Fetching likes count.
2025-01-19 06:59:47,153 INFO  Fetching uploaded date.
2025-01-19 07:00:12,795 INFO  Fetching comments count and details.
2025-01-19 07:00:13,750 ERROR  Failed to fetch comment details: string index out of range
2025-01-19 07:00:15,014 ERROR  Failed to fetch comment details: string index out of range
2025-01-19 07:00:15,456 ERROR  Failed to fetch comment details: string index out of range
2025-01-19 07:00:15,702 ERROR  Failed to fetch comment details: string index out of range
2025-01-19 07:00:16,144 ERROR  Failed to fetch comment details: string index out of range
2025-01-19 07:00:16,280 ERROR  Failed to fetch comment details: string index out of range
2025-01-19 07:00:16,415 ERROR  Failed to fetch comment details: string index out of range
2025-01-19 07:00:16,551 ERROR  Failed to fetch comment details: string index out of range
2025-01-19 07:00:16,687 ERROR  Failed to fetch comment details: string index out of range
2025-01-19 07:00:17,084 ERROR  Failed to fetch comment details: string index out of range
2025-01-19 07:00:17,230 ERROR  Failed to fetch comment details: string index out of range
2025-01-19 07:00:17,364 ERROR  Failed to fetch comment details: string index out of range
2025-01-19 07:00:17,484 INFO  Fetching video duration.
2025-01-19 07:00:17,707 INFO  Saving video info to new_data/@MrBeast/videos/gs8qfL9PNac.json
2025-01-19 07:00:17,708 ERROR  Failed to save video information for gs8qfL9PNac: Object of type datetime is not JSON serializable
2025-01-19 07:00:17,708 INFO  Extracting video details.
2025-01-19 07:00:17,736 INFO  Fetching additional details for video: 0BjlBnfHcHM
2025-01-19 07:00:17,736 INFO  ====== WebDriver manager ======
2025-01-19 07:00:17,905 INFO  Get LATEST chromedriver version for google-chrome
2025-01-19 07:00:18,100 INFO  Get LATEST chromedriver version for google-chrome
2025-01-19 07:00:18,279 INFO  Driver [/Users/naaddantale/.wdm/drivers/chromedriver/mac64/131.0.6778.264/chromedriver-mac-arm64/chromedriver] found in cache
2025-01-19 07:00:22,335 INFO  Clicking expand button to reveal more video details.
2025-01-19 07:00:23,615 INFO  Fetching likes count.
2025-01-19 07:00:23,715 INFO  Fetching uploaded date.
2025-01-19 07:00:49,804 INFO  Fetching comments count and details.
2025-01-19 07:00:52,460 ERROR  Failed to fetch comment details: string index out of range
2025-01-19 07:00:53,008 ERROR  Failed to fetch comment details: string index out of range
2025-01-19 07:00:53,279 ERROR  Failed to fetch comment details: string index out of range
2025-01-19 07:00:53,405 ERROR  Failed to fetch comment details: string index out of range
2025-01-19 07:00:53,543 ERROR  Failed to fetch comment details: string index out of range
2025-01-19 07:00:53,677 ERROR  Failed to fetch comment details: string index out of range
2025-01-19 07:00:54,418 ERROR  Failed to fetch comment details: string index out of range
2025-01-19 07:00:54,418 INFO  Fetching video duration.
2025-01-19 07:00:54,678 INFO  Saving video info to new_data/@MrBeast/videos/0BjlBnfHcHM.json
2025-01-19 07:00:54,682 ERROR  Failed to save video information for 0BjlBnfHcHM: Object of type datetime is not JSON serializable
2025-01-19 07:00:54,683 INFO  Extracting video details.
2025-01-19 07:00:54,715 INFO  Fetching additional details for video: Xj0Jtjg3lHQ
2025-01-19 07:00:54,715 INFO  ====== WebDriver manager ======
2025-01-19 07:00:54,986 INFO  Get LATEST chromedriver version for google-chrome
2025-01-19 07:00:55,265 INFO  Get LATEST chromedriver version for google-chrome
2025-01-19 07:00:55,437 INFO  Driver [/Users/naaddantale/.wdm/drivers/chromedriver/mac64/131.0.6778.264/chromedriver-mac-arm64/chromedriver] found in cache
2025-01-19 07:00:59,612 INFO  Clicking expand button to reveal more video details.
2025-01-19 07:01:01,067 INFO  Fetching likes count.
2025-01-19 07:01:01,186 INFO  Fetching uploaded date.
2025-01-19 07:01:27,084 INFO  Fetching comments count and details.
2025-01-19 07:01:28,643 ERROR  Failed to fetch comment details: string index out of range
2025-01-19 07:01:29,034 ERROR  Failed to fetch comment details: string index out of range
2025-01-19 07:01:29,498 ERROR  Failed to fetch comment details: string index out of range
2025-01-19 07:01:29,710 WARNING  Retrying (Retry(total=2, connect=None, read=None, redirect=None, status=None)) after connection broken by 'NewConnectionError('<urllib3.connection.HTTPConnection object at 0x106424080>: Failed to establish a new connection: [Errno 61] Connection refused')': /session/c193e9f5d8341b756999863fcfd14b13
2025-01-19 07:01:29,834 WARNING  Retrying (Retry(total=1, connect=None, read=None, redirect=None, status=None)) after connection broken by 'NewConnectionError('<urllib3.connection.HTTPConnection object at 0x106424440>: Failed to establish a new connection: [Errno 61] Connection refused')': /session/c193e9f5d8341b756999863fcfd14b13
2025-01-19 07:01:29,847 WARNING  Retrying (Retry(total=0, connect=None, read=None, redirect=None, status=None)) after connection broken by 'NewConnectionError('<urllib3.connection.HTTPConnection object at 0x1064259a0>: Failed to establish a new connection: [Errno 61] Connection refused')': /session/c193e9f5d8341b756999863fcfd14b13
2025-01-19 07:01:29,866 WARNING  Retrying (Retry(total=2, connect=None, read=None, redirect=None, status=None)) after connection broken by 'NewConnectionError('<urllib3.connection.HTTPConnection object at 0x10640d790>: Failed to establish a new connection: [Errno 61] Connection refused')': /session/1373dec472c3cfa196cca47e556bdaa2
2025-01-19 07:01:29,890 WARNING  Retrying (Retry(total=1, connect=None, read=None, redirect=None, status=None)) after connection broken by 'NewConnectionError('<urllib3.connection.HTTPConnection object at 0x10640d1c0>: Failed to establish a new connection: [Errno 61] Connection refused')': /session/1373dec472c3cfa196cca47e556bdaa2
2025-01-19 07:01:29,896 WARNING  Retrying (Retry(total=0, connect=None, read=None, redirect=None, status=None)) after connection broken by 'NewConnectionError('<urllib3.connection.HTTPConnection object at 0x10640ce00>: Failed to establish a new connection: [Errno 61] Connection refused')': /session/1373dec472c3cfa196cca47e556bdaa2
