2025-01-25 04:59:48,411 INFO  ====== WebDriver manager ======
2025-01-25 04:59:48,568 INFO  Get LATEST chromedriver version for google-chrome
2025-01-25 04:59:51,754 INFO  Get LATEST chromedriver version for google-chrome
2025-01-25 04:59:51,933 INFO  Driver [/Users/naaddantale/.wdm/drivers/chromedriver/mac64/131.0.6778.264/chromedriver-mac-arm64/chromedriver] found in cache
2025-01-25 04:59:53,044 INFO  ====== WebDriver manager ======
2025-01-25 04:59:53,207 INFO  Get LATEST chromedriver version for google-chrome
2025-01-25 04:59:53,348 INFO  Get LATEST chromedriver version for google-chrome
2025-01-25 04:59:53,509 INFO  Driver [/Users/naaddantale/.wdm/drivers/chromedriver/mac64/131.0.6778.264/chromedriver-mac-arm64/chromedriver] found in cache
2025-01-25 04:59:54,512 INFO  ====== WebDriver manager ======
2025-01-25 04:59:54,658 INFO  Get LATEST chromedriver version for google-chrome
2025-01-25 04:59:54,820 INFO  Get LATEST chromedriver version for google-chrome
2025-01-25 04:59:54,979 INFO  Driver [/Users/naaddantale/.wdm/drivers/chromedriver/mac64/131.0.6778.264/chromedriver-mac-arm64/chromedriver] found in cache
2025-01-25 04:59:55,981 INFO  ====== WebDriver manager ======
2025-01-25 04:59:56,129 INFO  Get LATEST chromedriver version for google-chrome
2025-01-25 04:59:56,287 INFO  Get LATEST chromedriver version for google-chrome
2025-01-25 04:59:56,447 INFO  Driver [/Users/naaddantale/.wdm/drivers/chromedriver/mac64/131.0.6778.264/chromedriver-mac-arm64/chromedriver] found in cache
2025-01-25 04:59:57,488 ERROR  Error scraping channel info for @MrBeast: 5 validation errors for ChannelInfo
name
  Field required [type=missing, input_value={}, input_type=dict]
    For further information visit https://errors.pydantic.dev/2.10/v/missing
is_verified
  Field required [type=missing, input_value={}, input_type=dict]
    For further information visit https://errors.pydantic.dev/2.10/v/missing
about
  Field required [type=missing, input_value={}, input_type=dict]
    For further information visit https://errors.pydantic.dev/2.10/v/missing
links
  Field required [type=missing, input_value={}, input_type=dict]
    For further information visit https://errors.pydantic.dev/2.10/v/missing
channel_details
  Field required [type=missing, input_value={}, input_type=dict]
    For further information visit https://errors.pydantic.dev/2.10/v/missing
2025-01-25 04:59:57,489 ERROR  Error scraping channel info for @PewDiePie: 5 validation errors for ChannelInfo
name
  Field required [type=missing, input_value={}, input_type=dict]
    For further information visit https://errors.pydantic.dev/2.10/v/missing
is_verified
  Field required [type=missing, input_value={}, input_type=dict]
    For further information visit https://errors.pydantic.dev/2.10/v/missing
about
  Field required [type=missing, input_value={}, input_type=dict]
    For further information visit https://errors.pydantic.dev/2.10/v/missing
links
  Field required [type=missing, input_value={}, input_type=dict]
    For further information visit https://errors.pydantic.dev/2.10/v/missing
channel_details
  Field required [type=missing, input_value={}, input_type=dict]
    For further information visit https://errors.pydantic.dev/2.10/v/missing
2025-01-25 04:59:57,490 INFO  Fetching video information for channel: @MrBeast
2025-01-25 04:59:57,491 INFO  Fetching video information for channel: @PewDiePie
2025-01-25 04:59:57,502 WARNING  Connection pool is full, discarding connection: localhost. Connection pool size: 1
2025-01-25 04:59:58,015 WARNING  Connection pool is full, discarding connection: localhost. Connection pool size: 1
2025-01-25 04:59:58,528 WARNING  Connection pool is full, discarding connection: localhost. Connection pool size: 1
2025-01-25 04:59:59,043 WARNING  Connection pool is full, discarding connection: localhost. Connection pool size: 1
2025-01-25 05:00:00,068 WARNING  Connection pool is full, discarding connection: localhost. Connection pool size: 1
2025-01-25 05:00:00,582 WARNING  Connection pool is full, discarding connection: localhost. Connection pool size: 1
2025-01-25 05:00:01,095 WARNING  Connection pool is full, discarding connection: localhost. Connection pool size: 1
2025-01-25 05:00:01,607 WARNING  Connection pool is full, discarding connection: localhost. Connection pool size: 1
2025-01-25 05:00:02,123 WARNING  Connection pool is full, discarding connection: localhost. Connection pool size: 1
2025-01-25 05:00:03,145 WARNING  Connection pool is full, discarding connection: localhost. Connection pool size: 1
2025-01-25 05:00:03,659 WARNING  Connection pool is full, discarding connection: localhost. Connection pool size: 1
2025-01-25 05:00:04,172 WARNING  Connection pool is full, discarding connection: localhost. Connection pool size: 1
2025-01-25 05:00:04,685 WARNING  Connection pool is full, discarding connection: localhost. Connection pool size: 1
2025-01-25 05:00:05,197 WARNING  Connection pool is full, discarding connection: localhost. Connection pool size: 1
2025-01-25 05:00:06,215 WARNING  Connection pool is full, discarding connection: localhost. Connection pool size: 1
2025-01-25 05:00:07,740 ERROR  Unexpected Error - Timeout Exception while fetching videos.
2025-01-25 05:00:07,740 WARNING  No videos found for channel: @MrBeast
2025-01-25 05:00:07,747 WARNING  Connection pool is full, discarding connection: localhost. Connection pool size: 1
2025-01-25 05:00:07,747 ERROR  Unexpected Error - Timeout Exception while fetching videos.
2025-01-25 05:00:07,747 WARNING  No videos found for channel: @PewDiePie
2025-01-25 05:00:21,101 WARNING  Connection pool is full, discarding connection: localhost. Connection pool size: 1
2025-01-25 05:00:22,618 WARNING  Connection pool is full, discarding connection: localhost. Connection pool size: 1
2025-01-25 05:00:24,127 WARNING  Connection pool is full, discarding connection: localhost. Connection pool size: 1
2025-01-25 05:00:25,647 WARNING  Connection pool is full, discarding connection: localhost. Connection pool size: 1
2025-01-25 05:00:27,163 WARNING  Connection pool is full, discarding connection: localhost. Connection pool size: 1
2025-01-25 05:00:28,745 WARNING  Connection pool is full, discarding connection: localhost. Connection pool size: 1
2025-01-25 05:00:28,816 WARNING  Connection pool is full, discarding connection: localhost. Connection pool size: 1
2025-01-25 05:00:28,819 WARNING  No shorts found for channel: @MrBeast
2025-01-25 05:00:28,834 WARNING  No shorts found for channel: @PewDiePie
2025-01-25 05:00:28,920 INFO  Closed channel_info driver successfully
2025-01-25 05:00:29,002 INFO  Closed video_details driver successfully
2025-01-25 05:00:29,160 INFO  Closed shorts_info driver successfully
2025-01-25 05:00:29,161 WARNING  Retrying (Retry(total=2, connect=None, read=None, redirect=None, status=None)) after connection broken by 'NewConnectionError('<urllib3.connection.HTTPConnection object at 0x10699bb30>: Failed to establish a new connection: [Errno 61] Connection refused')': /session/d9a4e3dde51db449c0cb400b335dee47
2025-01-25 05:00:29,161 WARNING  Retrying (Retry(total=1, connect=None, read=None, redirect=None, status=None)) after connection broken by 'NewConnectionError('<urllib3.connection.HTTPConnection object at 0x106a2cad0>: Failed to establish a new connection: [Errno 61] Connection refused')': /session/d9a4e3dde51db449c0cb400b335dee47
2025-01-25 05:00:29,161 WARNING  Retrying (Retry(total=0, connect=None, read=None, redirect=None, status=None)) after connection broken by 'NewConnectionError('<urllib3.connection.HTTPConnection object at 0x106a2c260>: Failed to establish a new connection: [Errno 61] Connection refused')': /session/d9a4e3dde51db449c0cb400b335dee47
2025-01-25 05:00:29,162 INFO  Closed shorts_details driver successfully
